2015-07-28 17:40:41,631 lcatr_harness(DEBUG) Running step "configure"
2015-07-28 17:40:41,631 lcatr_harness(INFO) Running command: "/usr/local/Modules/3.2.10/bin/modulecmd sh load Make-OGP-Directories/v0", MODULEPATH="/usr/local/lcatr/share:/usr/local/Modules/versions:/usr/local/Modules/$MODULE_VERSION/modulefiles:/usr/local/Modules/modulefiles:/usr/local/Modules/3.2.10/modulefiles:/usr/local/lcatr/share"
2015-07-28 17:40:41,803 lcatr_harness(INFO) OUT:
VVV
LCATR_LCATR_PKGS=Make-OGP-Directories/v0 ;export LCATR_LCATR_PKGS;LCATR_PRODUCER=/usr/local/lcatr/share/Make-OGP-Directories/v0/producer_Make-OGP-Directories.py ;export LCATR_PRODUCER;LCATR_SCHEMA_PATH=/usr/local/lcatr/share/Make-OGP-Directories/v0 ;export LCATR_SCHEMA_PATH;LCATR_VALIDATOR=/usr/local/lcatr/share/Make-OGP-Directories/v0/validator_Make-OGP-Directories.py ;export LCATR_VALIDATOR;LOADEDMODULES=Make-OGP-Directories/v0/modulefile ;export LOADEDMODULES;_LMFILES_=/usr/local/lcatr/share/Make-OGP-Directories/v0/modulefile ;export _LMFILES_;
^^^
2015-07-28 17:40:41,803 lcatr_harness(INFO) ERR:
VVV

^^^
2015-07-28 17:40:41,803 lcatr_harness(INFO) Executing command: ssh ccdtest@astroracf stat /gpfs01/astro/workarea/ccdtest/test
2015-07-28 17:40:42,147 lcatr_harness(INFO) Command returned status 0, out="  File: `/gpfs01/astro/workarea/ccdtest/test'
  Size: 512       	Blocks: 0          IO Block: 65536  directory
Device: 18h/24d	Inode: 152034277   Links: 5
Access: (0755/drwxr-xr-x)  Uid: (10022/ ccdtest)   Gid: ( 8303/   astro)
Access: 2015-07-28 17:34:29.675338158 -0400
Modify: 2015-05-21 08:30:26.692668000 -0400
Change: 2015-05-21 08:30:26.698901000 -0400
" err="******************************************************************************
*                                                                            *
*                              NOTICE TO USERS                               *
*                                                                            *
*     This is a Federal computer system (and/or it is directly connected     *
*      to a BNL local network system) and is the property of the United      *
*   States Government. It is for authorized use only. Users (authorized or   *
*     unauthorized) have no explicit or implicit expectation of privacy.     *
*                                                                            *
*     Any or all uses of this system and all files on this system may be     *
*     intercepted, monitored, recorded, copied, audited, inspected, and      *
*        disclosed to authorized site, Department of Energy, and law         *
*       enforcement personnel, as well as authorized officials of other      *
*    agencies, both domestic and foreign. By using this system, the user     *
*       consents to such interception, monitoring, recording, copying,       *
*         auditing, inspection, and disclosure at the discretion of          *
*             authorized site or Department of Energy personnel.             *
*                                                                            *
*  Unauthorized or improper use of this system may result in administrative  *
*   disciplinary action and civil and criminal penalties. By continuing to   *
*     use this system you indicate your awareness of and consent to these    *
*    terms and conditions of use. LOG OFF IMMEDIATELY if you do not agree    *
*                 to the conditions stated in this warning.                  *
*                                                                            *
******************************************************************************
"
2015-07-28 17:40:42,147 lcatr_harness(INFO) Step configure completed
2015-07-28 17:40:42,147 lcatr_harness(DEBUG) Running step "register"
2015-07-28 17:40:42,147 lcatr_harness(INFO) Using LIMS URL: "http://lsst-camera.slac.stanford.edu:80/eTraveler/Dev/Results/"
2015-07-28 17:40:42,147 lcatr_harness(DEBUG) Query LIMS "requestID" with json="{"stamp": 1438119642, "unit_id": "ITL-113-10", "jobid": null, "unit_type": "ITL-CCD", "job": "Make-OGP-Directories", "version": "v0", "operator": "LSSTuser"}", query="jsonObject=%7B%22stamp%22%3A+1438119642%2C+%22unit_id%22%3A+%22ITL-113-10%22%2C+%22jobid%22%3A+null%2C+%22unit_type%22%3A+%22ITL-CCD%22%2C+%22job%22%3A+%22Make-OGP-Directories%22%2C+%22version%22%3A+%22v0%22%2C+%22operator%22%3A+%22LSSTuser%22%7D"
2015-07-28 17:40:42,475 lcatr_harness(INFO) Step register completed
2015-07-28 17:40:42,475 lcatr_harness(DEBUG) Query LIMS "update" with json="{"stamp": 1438119642, "status": null, "step": "configured", "jobid": "4822"}", query="jsonObject=%7B%22stamp%22%3A+1438119642%2C+%22status%22%3A+null%2C+%22step%22%3A+%22configured%22%2C+%22jobid%22%3A+%224822%22%7D"
2015-07-28 17:40:42,740 lcatr_harness(DEBUG) Running step "stage"
2015-07-28 17:40:42,740 lcatr_harness(INFO) Creating working directory: /home/LSSTuser/jobHarness/jh_stage/ITL-CCD/ITL-113-10/Make-OGP-Directories/v0/4822
2015-07-28 17:40:42,740 lcatr_harness(INFO) Step stage completed
2015-07-28 17:40:42,740 lcatr_harness(DEBUG) Query LIMS "update" with json="{"stamp": 1438119642, "status": null, "step": "staged", "jobid": "4822"}", query="jsonObject=%7B%22stamp%22%3A+1438119642%2C+%22status%22%3A+null%2C+%22step%22%3A+%22staged%22%2C+%22jobid%22%3A+%224822%22%7D"
2015-07-28 17:40:43,006 lcatr_harness(DEBUG) Running step "produce"
2015-07-28 17:40:43,006 lcatr_harness(DEBUG) Changing to directory: /home/LSSTuser/jobHarness/jh_stage/ITL-CCD/ITL-113-10/Make-OGP-Directories/v0/4822
2015-07-28 17:40:43,006 lcatr_harness(DEBUG) Executing: /usr/local/lcatr/share/Make-OGP-Directories/v0/producer_Make-OGP-Directories.py
2015-07-28 17:40:43,162 lcatr_harness(INFO) Creating the top level directory for the CCD at /cygdrive/c/DATA/ITL-113-10
2015-07-28 17:40:43,162 lcatr_harness(INFO) Creating directory for edge scan results. Location is /cygdrive/c/DATA/ITL-113-10/EdgeScan/
2015-07-28 17:40:43,162 lcatr_harness(INFO) Creating directory for flatness results. Location is /cygdrive/c/DATA/ITL-113-10/Flatness/
2015-07-28 17:40:43,162 lcatr_harness(INFO) Creating dated edge directory for the CCD at /cygdrive/c/DATA/ITL-113-10/EdgeScan/20150728-17:40:43
2015-07-28 17:40:43,162 lcatr_harness(INFO) Creating dated edge directory for the CCD at /cygdrive/c/DATA/ITL-113-10/Flatness/20150728-17:40:43
2015-07-28 17:40:43,162 lcatr_harness(INFO) Please setup the OGP MeasureMind application to store results in respective edge scan and flatness directories indicated above
2015-07-28 17:40:43,162 lcatr_harness(INFO) Please setup the OGP MeasureMind application to store
2015-07-28 17:40:43,162 lcatr_harness(INFO) edge scan results in /cygdrive/c/DATA/ITL-113-10/EdgeScan/20150728-17:40:43 edgedatedir
2015-07-28 17:40:43,162 lcatr_harness(INFO) and
2015-07-28 17:40:43,162 lcatr_harness(INFO) flatness results in /cygdrive/c/DATA/ITL-113-10/Flatness/20150728-17:40:43
2015-07-28 17:40:43,162 lcatr_harness(DEBUG) Command: "/usr/local/lcatr/share/Make-OGP-Directories/v0/producer_Make-OGP-Directories.py" succeeded
2015-07-28 17:40:43,162 lcatr_harness(INFO) Step produce completed
2015-07-28 17:40:43,162 lcatr_harness(DEBUG) Query LIMS "update" with json="{"stamp": 1438119643, "status": null, "step": "produced", "jobid": "4822"}", query="jsonObject=%7B%22stamp%22%3A+1438119643%2C+%22status%22%3A+null%2C+%22step%22%3A+%22produced%22%2C+%22jobid%22%3A+%224822%22%7D"
2015-07-28 17:40:43,428 lcatr_harness(DEBUG) Running step "validate"
2015-07-28 17:40:43,428 lcatr_harness(DEBUG) Changing to directory: /home/LSSTuser/jobHarness/jh_stage/ITL-CCD/ITL-113-10/Make-OGP-Directories/v0/4822
2015-07-28 17:40:43,428 lcatr_harness(DEBUG) Executing: /usr/local/lcatr/share/Make-OGP-Directories/v0/validator_Make-OGP-Directories.py
2015-07-28 17:40:43,537 lcatr_harness(DEBUG) Command: "/usr/local/lcatr/share/Make-OGP-Directories/v0/validator_Make-OGP-Directories.py" succeeded
2015-07-28 17:40:43,537 lcatr_harness(INFO) Step validate completed
2015-07-28 17:40:43,537 lcatr_harness(DEBUG) Query LIMS "update" with json="{"stamp": 1438119643, "status": null, "step": "validated", "jobid": "4822"}", query="jsonObject=%7B%22stamp%22%3A+1438119643%2C+%22status%22%3A+null%2C+%22step%22%3A+%22validated%22%2C+%22jobid%22%3A+%224822%22%7D"
2015-07-28 17:40:43,803 lcatr_harness(DEBUG) Running step "archive"
2015-07-28 17:40:43,803 lcatr_harness(INFO) Executing command: ssh ccdtest@astroracf stat /gpfs01/astro/workarea/ccdtest/test
2015-07-28 17:40:44,131 lcatr_harness(INFO) Command returned status 0, out="  File: `/gpfs01/astro/workarea/ccdtest/test'
  Size: 512       	Blocks: 0          IO Block: 65536  directory
Device: 18h/24d	Inode: 152034277   Links: 5
Access: (0755/drwxr-xr-x)  Uid: (10022/ ccdtest)   Gid: ( 8303/   astro)
Access: 2015-07-28 17:34:29.675338158 -0400
Modify: 2015-05-21 08:30:26.692668000 -0400
Change: 2015-05-21 08:30:26.698901000 -0400
" err="******************************************************************************
*                                                                            *
*                              NOTICE TO USERS                               *
*                                                                            *
*     This is a Federal computer system (and/or it is directly connected     *
*      to a BNL local network system) and is the property of the United      *
*   States Government. It is for authorized use only. Users (authorized or   *
*     unauthorized) have no explicit or implicit expectation of privacy.     *
*                                                                            *
*     Any or all uses of this system and all files on this system may be     *
*     intercepted, monitored, recorded, copied, audited, inspected, and      *
*        disclosed to authorized site, Department of Energy, and law         *
*       enforcement personnel, as well as authorized officials of other      *
*    agencies, both domestic and foreign. By using this system, the user     *
*       consents to such interception, monitoring, recording, copying,       *
*         auditing, inspection, and disclosure at the discretion of          *
*             authorized site or Department of Energy personnel.             *
*                                                                            *
*  Unauthorized or improper use of this system may result in administrative  *
*   disciplinary action and civil and criminal penalties. By continuing to   *
*     use this system you indicate your awareness of and consent to these    *
*    terms and conditions of use. LOG OFF IMMEDIATELY if you do not agree    *
*                 to the conditions stated in this warning.                  *
*                                                                            *
******************************************************************************
"
2015-07-28 17:40:44,131 lcatr_harness(INFO) Executing command: ssh ccdtest@astroracf stat /gpfs01/astro/workarea/ccdtest/test/ITL-CCD/ITL-113-10/Make-OGP-Directories/v0/4822
2015-07-28 17:40:44,475 lcatr_harness(INFO) Command returned status 1, out="" err="******************************************************************************
*                                                                            *
*                              NOTICE TO USERS                               *
*                                                                            *
*     This is a Federal computer system (and/or it is directly connected     *
*      to a BNL local network system) and is the property of the United      *
*   States Government. It is for authorized use only. Users (authorized or   *
*     unauthorized) have no explicit or implicit expectation of privacy.     *
*                                                                            *
*     Any or all uses of this system and all files on this system may be     *
*     intercepted, monitored, recorded, copied, audited, inspected, and      *
*        disclosed to authorized site, Department of Energy, and law         *
*       enforcement personnel, as well as authorized officials of other      *
*    agencies, both domestic and foreign. By using this system, the user     *
*       consents to such interception, monitoring, recording, copying,       *
*         auditing, inspection, and disclosure at the discretion of          *
*             authorized site or Department of Energy personnel.             *
*                                                                            *
*  Unauthorized or improper use of this system may result in administrative  *
*   disciplinary action and civil and criminal penalties. By continuing to   *
*     use this system you indicate your awareness of and consent to these    *
*    terms and conditions of use. LOG OFF IMMEDIATELY if you do not agree    *
*                 to the conditions stated in this warning.                  *
*                                                                            *
******************************************************************************
stat: cannot stat `/gpfs01/astro/workarea/ccdtest/test/ITL-CCD/ITL-113-10/Make-OGP-Directories/v0/4822': No such file or directory
"
2015-07-28 17:40:44,475 lcatr_harness(INFO) Making archive directory "ccdtest@astroracf:/gpfs01/astro/workarea/ccdtest/test/ITL-CCD/ITL-113-10/Make-OGP-Directories/v0/4822/
2015-07-28 17:40:44,475 lcatr_harness(INFO) Executing command: ssh ccdtest@astroracf mkdir -p /gpfs01/astro/workarea/ccdtest/test/ITL-CCD/ITL-113-10/Make-OGP-Directories/v0/4822
2015-07-28 17:40:44,803 lcatr_harness(INFO) Command returned status 0, out="" err="******************************************************************************
*                                                                            *
*                              NOTICE TO USERS                               *
*                                                                            *
*     This is a Federal computer system (and/or it is directly connected     *
*      to a BNL local network system) and is the property of the United      *
*   States Government. It is for authorized use only. Users (authorized or   *
*     unauthorized) have no explicit or implicit expectation of privacy.     *
*                                                                            *
*     Any or all uses of this system and all files on this system may be     *
*     intercepted, monitored, recorded, copied, audited, inspected, and      *
*        disclosed to authorized site, Department of Energy, and law         *
*       enforcement personnel, as well as authorized officials of other      *
*    agencies, both domestic and foreign. By using this system, the user     *
*       consents to such interception, monitoring, recording, copying,       *
*         auditing, inspection, and disclosure at the discretion of          *
*             authorized site or Department of Energy personnel.             *
*                                                                            *
*  Unauthorized or improper use of this system may result in administrative  *
*   disciplinary action and civil and criminal penalties. By continuing to   *
*     use this system you indicate your awareness of and consent to these    *
*    terms and conditions of use. LOG OFF IMMEDIATELY if you do not agree    *
*                 to the conditions stated in this warning.                  *
*                                                                            *
******************************************************************************
"
2015-07-28 17:40:44,803 lcatr_harness(INFO) Archiving from "/home/LSSTuser/jobHarness/jh_stage/ITL-CCD/ITL-113-10/Make-OGP-Directories/v0/4822/" to "ccdtest@astroracf:/gpfs01/astro/workarea/ccdtest/test/ITL-CCD/ITL-113-10/Make-OGP-Directories/v0/4822/
2015-07-28 17:40:44,803 lcatr_harness(INFO) Executing command: rsync -a /home/LSSTuser/jobHarness/jh_stage/ITL-CCD/ITL-113-10/Make-OGP-Directories/v0/4822/ ccdtest@astroracf:/gpfs01/astro/workarea/ccdtest/test/ITL-CCD/ITL-113-10/Make-OGP-Directories/v0/4822/
2015-07-28 17:40:45,365 lcatr_harness(INFO) Command returned status 0, out="" err="******************************************************************************
*                                                                            *
*                              NOTICE TO USERS                               *
*                                                                            *
*     This is a Federal computer system (and/or it is directly connected     *
*      to a BNL local network system) and is the property of the United      *
*   States Government. It is for authorized use only. Users (authorized or   *
*     unauthorized) have no explicit or implicit expectation of privacy.     *
*                                                                            *
*     Any or all uses of this system and all files on this system may be     *
*     intercepted, monitored, recorded, copied, audited, inspected, and      *
*        disclosed to authorized site, Department of Energy, and law         *
*       enforcement personnel, as well as authorized officials of other      *
*    agencies, both domestic and foreign. By using this system, the user     *
*       consents to such interception, monitoring, recording, copying,       *
*         auditing, inspection, and disclosure at the discretion of          *
*             authorized site or Department of Energy personnel.             *
*                                                                            *
*  Unauthorized or improper use of this system may result in administrative  *
*   disciplinary action and civil and criminal penalties. By continuing to   *
*     use this system you indicate your awareness of and consent to these    *
*    terms and conditions of use. LOG OFF IMMEDIATELY if you do not agree    *
*                 to the conditions stated in this warning.                  *
*                                                                            *
******************************************************************************
"
2015-07-28 17:40:45,365 lcatr_harness(INFO) Step archive completed
2015-07-28 17:40:45,365 lcatr_harness(DEBUG) Query LIMS "update" with json="{"stamp": 1438119645, "status": null, "step": "archived", "jobid": "4822"}", query="jsonObject=%7B%22stamp%22%3A+1438119645%2C+%22status%22%3A+null%2C+%22step%22%3A+%22archived%22%2C+%22jobid%22%3A+%224822%22%7D"
2015-07-28 17:40:45,631 lcatr_harness(DEBUG) Running step "ingest"
2015-07-28 17:40:45,631 lcatr_harness(DEBUG) Query LIMS "ingest" with json="{"stamp": 1438119645, "result": [], "jobid": "4822"}", query="jsonObject=%7B%22stamp%22%3A+1438119645%2C+%22result%22%3A+%5B%5D%2C+%22jobid%22%3A+%224822%22%7D"
2015-07-28 17:40:45,881 lcatr_harness(INFO) Step ingest completed
2015-07-28 17:40:45,881 lcatr_harness(DEBUG) Running step "purge"
2015-07-28 17:40:45,881 lcatr_harness(INFO) Step purge completed
2015-07-28 17:40:45,881 lcatr_harness(DEBUG) Query LIMS "update" with json="{"stamp": 1438119645, "status": null, "step": "purged", "jobid": "4822"}", query="jsonObject=%7B%22stamp%22%3A+1438119645%2C+%22status%22%3A+null%2C+%22step%22%3A+%22purged%22%2C+%22jobid%22%3A+%224822%22%7D"
